<?xml version="1.0" encoding="UTF-8"?>
<!-- Generated by org.testng.reporters.JUnitReportReporter -->
<testsuite hostname="Venkat" failures="0" tests="1" name="imt.demo.OrangeHRM.AdminModule.Loginpage" time="0.007" errors="0" timestamp="2025-09-03T21:32:45 IST" skipped="0">
  <testcase classname="imt.demo.OrangeHRM.AdminModule.Loginpage" name="login" time="0.007"/>
  <system-out>
    <![CDATA[Database Connected Successfully]]>
  </system-out>
</testsuite> <!-- imt.demo.OrangeHRM.AdminModule.Loginpage -->
