<?xml version="1.0" encoding="UTF-8"?>
<!-- Generated by org.testng.reporters.JUnitReportReporter -->
<testsuite hostname="Venkatesh" failures="0" tests="1" name="imt.demo.OrangeHRM.TestingScript" time="6.453" errors="0" timestamp="2025-09-05T14:00:35 IST" skipped="0">
  <testcase classname="imt.demo.OrangeHRM.TestingScript" name="login12" time="6.453"/>
  <system-out>
    <![CDATA[Database Connected Successfully
Database Disconnected]]>
  </system-out>
</testsuite> <!-- imt.demo.OrangeHRM.TestingScript -->
