<?xml version="1.0" encoding="UTF-8"?>
<!-- Generated by org.testng.reporters.JUnitReportReporter -->
<testsuite hostname="Venkatesh" failures="0" tests="3" name="LoginPageRunnableFiles.LoginPageScripts" time="36.272" errors="0" timestamp="2025-09-08T19:51:43 IST" skipped="0">
  <testcase classname="LoginPageRunnableFiles.LoginPageScripts" name="createEmployee" time="14.016"/>
  <testcase classname="LoginPageRunnableFiles.LoginPageScripts" name="login" time="3.397">
    <system-out>
      <![CDATA[Login Successful]]>
    </system-out>
  </testcase> <!-- login -->
  <testcase classname="LoginPageRunnableFiles.LoginPageScripts" name="searchCreatedEmployee" time="18.859"/>
  <system-out>
    <![CDATA[Database Connected Successfully
Login Successful
Database Disconnected]]>
  </system-out>
</testsuite> <!-- LoginPageRunnableFiles.LoginPageScripts -->
